[16:32:27] [main/INFO] (FabricLoader/GameProvider) Loading Minecraft 1.21.1 with Fabric Loader 0.16.0
[16:32:27] [ForkJoinPool-1-worker-7/WARN] (FabricLoader/Metadata) Mod mlumm uses the version v0.9 which isn't compatible with Loader's extended semantic version format (Could not parse version number component 'v0'!), SemVer is recommended for reliably evaluating dependencies and prioritizing newer version
[16:32:27] [main/INFO] (FabricLoader) Loading 55 mods:
	- fabric-api 0.115.2+1.21.1
	- fabric-api-base 0.4.42+6573ed8c19
	- fabric-api-lookup-api-v1 1.6.70+b559734419
	- fabric-biome-api-v1 13.0.31+d527f9fd19
	- fabric-block-api-v1 1.0.22+0af3f5a719
	- fabric-block-view-api-v2 1.0.10+6573ed8c19
	- fabric-blockrenderlayer-v1 1.1.52+0af3f5a719
	- fabric-client-tags-api-v1 1.1.15+6573ed8c19
	- fabric-command-api-v1 1.2.49+f71b366f19
	- fabric-command-api-v2 2.2.28+6ced4dd919
	- fabric-commands-v0 0.2.66+df3654b319
	- fabric-content-registries-v0 8.0.18+b559734419
	- fabric-convention-tags-v1 2.1.3+7f945d5b19
	- fabric-convention-tags-v2 2.10.0+9465b64419
	- fabric-crash-report-info-v1 0.2.29+0af3f5a719
	- fabric-data-attachment-api-v1 1.4.1+9ed317f519
	- fabric-data-generation-api-v1 20.2.27+16c4ae2519
	- fabric-dimensions-v1 4.0.0+6fc22b9919
	- fabric-entity-events-v1 1.7.0+2122d82819
	- fabric-events-interaction-v0 0.7.13+ba9dae0619
	- fabric-game-rule-api-v1 1.0.53+6ced4dd919
	- fabric-gametest-api-v1 2.0.5+6fc22b9919
	- fabric-item-api-v1 11.1.1+d5debaed19
	- fabric-item-group-api-v1 4.1.7+def88e3a19
	- fabric-key-binding-api-v1 1.0.47+0af3f5a719
	- fabric-keybindings-v0 0.2.45+df3654b319
	- fabric-lifecycle-events-v1 2.5.0+01d9a51c19
	- fabric-loot-api-v2 3.0.15+3f89f5a519
	- fabric-loot-api-v3 1.0.3+3f89f5a519
	- fabric-message-api-v1 6.0.13+6573ed8c19
	- fabric-model-loading-api-v1 2.0.0+fe474d6b19
	- fabric-networking-api-v1 4.3.0+c7469b2119
	- fabric-object-builder-api-v1 15.2.1+40875a9319
	- fabric-particles-v1 4.0.2+6573ed8c19
	- fabric-recipe-api-v1 5.0.14+248df81c19
	- fabric-registry-sync-v0 5.2.0+34f5d91419
	- fabric-renderer-api-v1 3.4.0+c705a49c19
	- fabric-renderer-indigo 1.7.0+c705a49c19
	- fabric-renderer-registries-v1 3.2.68+df3654b319
	- fabric-rendering-data-attachment-v1 0.3.48+73761d2e19
	- fabric-rendering-fluids-v1 3.1.6+1daea21519
	- fabric-rendering-v0 1.1.71+df3654b319
	- fabric-rendering-v1 5.0.5+df16efd019
	- fabric-resource-conditions-api-v1 4.3.0+8dc279b119
	- fabric-resource-loader-v0 1.3.1+5b5275af19
	- fabric-screen-api-v1 2.0.25+8b68f1c719
	- fabric-screen-handler-api-v1 1.3.88+b559734419
	- fabric-sound-api-v1 1.0.23+6573ed8c19
	- fabric-transfer-api-v1 5.4.2+c24bd99419
	- fabric-transitive-access-wideners-v1 6.2.0+45b9699719
	- fabricloader 0.16.0
	- java 22
	- minecraft 1.21.1
	- mixinextras 0.4.0
	- mlumm v0.9
[16:32:27] [main/INFO] (FabricLoader/Mixin) SpongePowered MIXIN Subsystem Version=0.8.7 Source=file:/Users/ben/.gradle/caches/modules-2/files-2.1/net.fabricmc/sponge-mixin/0.15.0+mixin.0.8.7/2ce1c5d57a061f3e259ec30b8b0cb2dc889c5156/sponge-mixin-0.15.0+mixin.0.8.7.jar Service=Knot/Fabric Env=CLIENT
[16:32:27] [main/INFO] (FabricLoader/Mixin) Loaded Fabric development mappings for mixin remapper!
[16:32:27] [main/INFO] (FabricLoader/Mixin) Compatibility level set to JAVA_17
[16:32:27] [main/INFO] (FabricLoader/Mixin) Compatibility level set to JAVA_21
[16:32:27] [main/INFO] (FabricLoader/MixinExtras|Service) Initializing MixinExtras via com.llamalad7.mixinextras.service.MixinExtrasServiceImpl(version=0.4.0).
[16:32:28] [Datafixer Bootstrap/INFO] (Minecraft) 226 Datafixer optimizations took 183 milliseconds
[16:32:31] [Render thread/INFO] (Minecraft) Environment: Environment[sessionHost=https://sessionserver.mojang.com, servicesHost=https://api.minecraftservices.com, name=PROD]
[16:32:31] [Render thread/INFO] (Minecraft) Setting user: Player770
[16:32:31] [Render thread/INFO] (Minecraft) [STDOUT]: I am hacker and it is too late for your computer
[16:32:31] [Render thread/INFO] (MlummClient) mlum mod loading...
[16:32:31] [Render thread/INFO] (Iteminfo) Registering items for iteminfo
[16:32:31] [Render thread/INFO] (Item) Item 'Baton' registered
[16:32:31] [Render thread/INFO] (Indigo) [Indigo] Registering Indigo renderer!
[16:32:31] [Render thread/INFO] (Minecraft) Backend library: LWJGL version 3.3.3-snapshot
[16:32:32] [Render thread/INFO] (Minecraft) Reloading ResourceManager: vanilla, fabric, fabric-api, fabric-api-base, fabric-api-lookup-api-v1, fabric-biome-api-v1, fabric-block-api-v1, fabric-block-view-api-v2, fabric-blockrenderlayer-v1, fabric-client-tags-api-v1, fabric-command-api-v1, fabric-command-api-v2, fabric-commands-v0, fabric-content-registries-v0, fabric-convention-tags-v1, fabric-convention-tags-v2, fabric-crash-report-info-v1, fabric-data-attachment-api-v1, fabric-data-generation-api-v1, fabric-dimensions-v1, fabric-entity-events-v1, fabric-events-interaction-v0, fabric-game-rule-api-v1, fabric-gametest-api-v1, fabric-item-api-v1, fabric-item-group-api-v1, fabric-key-binding-api-v1, fabric-keybindings-v0, fabric-lifecycle-events-v1, fabric-loot-api-v2, fabric-loot-api-v3, fabric-message-api-v1, fabric-model-loading-api-v1, fabric-networking-api-v1, fabric-object-builder-api-v1, fabric-particles-v1, fabric-recipe-api-v1, fabric-registry-sync-v0, fabric-renderer-api-v1, fabric-renderer-indigo, fabric-renderer-registries-v1, fabric-rendering-data-attachment-v1, fabric-rendering-fluids-v1, fabric-rendering-v0, fabric-rendering-v1, fabric-resource-conditions-api-v1, fabric-resource-loader-v0, fabric-screen-api-v1, fabric-screen-handler-api-v1, fabric-sound-api-v1, fabric-transfer-api-v1, fabric-transitive-access-wideners-v1, fabricloader
[16:32:32] [Worker-Main-7/INFO] (Minecraft) Found unifont_all_no_pua-15.1.05.hex, loading
[16:32:33] [Worker-Main-1/INFO] (Minecraft) Found unifont_jp_patch-15.1.05.hex, loading
[16:32:33] [Render thread/WARN] (Minecraft) Missing sound for event: minecraft:item.goat_horn.play
[16:32:33] [Render thread/WARN] (Minecraft) Missing sound for event: minecraft:entity.goat.screaming.horn_break
[16:32:36] [Render thread/INFO] (Minecraft) OpenAL initialized on device JBL TUNE510BT
[16:32:36] [Render thread/INFO] (Minecraft) Sound engine started
[16:32:36] [Render thread/INFO] (Minecraft) Created: 1024x512x4 minecraft:textures/atlas/blocks.png-atlas
[16:32:36] [Render thread/INFO] (Minecraft) Created: 256x256x4 minecraft:textures/atlas/signs.png-atlas
[16:32:36] [Render thread/INFO] (Minecraft) Created: 512x512x4 minecraft:textures/atlas/banner_patterns.png-atlas
[16:32:36] [Render thread/INFO] (Minecraft) Created: 512x512x4 minecraft:textures/atlas/shield_patterns.png-atlas
[16:32:36] [Render thread/INFO] (Minecraft) Created: 1024x1024x4 minecraft:textures/atlas/armor_trims.png-atlas
[16:32:36] [Render thread/INFO] (Minecraft) Created: 256x256x4 minecraft:textures/atlas/chest.png-atlas
[16:32:36] [Render thread/INFO] (Minecraft) Created: 128x64x4 minecraft:textures/atlas/decorated_pot.png-atlas
[16:32:36] [Render thread/INFO] (Minecraft) Created: 512x256x4 minecraft:textures/atlas/shulker_boxes.png-atlas
[16:32:36] [Render thread/INFO] (Minecraft) Created: 512x256x4 minecraft:textures/atlas/beds.png-atlas
[16:32:36] [Render thread/INFO] (Minecraft) Created: 512x256x0 minecraft:textures/atlas/particles.png-atlas
[16:32:36] [Render thread/INFO] (Minecraft) Created: 512x256x0 minecraft:textures/atlas/paintings.png-atlas
[16:32:36] [Render thread/INFO] (Minecraft) Created: 256x128x0 minecraft:textures/atlas/mob_effects.png-atlas
[16:32:36] [Render thread/INFO] (Minecraft) Created: 64x64x0 minecraft:textures/atlas/map_decorations.png-atlas
[16:32:36] [Render thread/INFO] (Minecraft) Created: 1024x512x0 minecraft:textures/atlas/gui.png-atlas
[16:32:36] [Render thread/WARN] (Minecraft) Shader rendertype_entity_translucent_emissive could not find sampler named Sampler2 in the specified shader program.
[16:32:41] [Render thread/INFO] (Minecraft) Loaded 1290 recipes
[16:32:41] [Render thread/INFO] (Minecraft) Loaded 1399 advancements
[16:32:42] [Render thread/INFO] (BiomeModificationImpl) Applied 0 biome modifications to 0 of 64 new biomes in 610.2 μs
[16:32:42] [Server thread/INFO] (Minecraft) Starting integrated minecraft server version 1.21.1
[16:32:42] [Server thread/INFO] (Minecraft) Generating keypair
[16:32:43] [Server thread/INFO] (Minecraft) Preparing start region for dimension minecraft:overworld
[16:32:43] [Render thread/INFO] (Minecraft) Preparing spawn area: 0%
[16:32:43] [Render thread/INFO] (Minecraft) Time elapsed: 196 ms
[16:32:43] [Server thread/INFO] (Minecraft) Changing view distance to 12, from 10
[16:32:43] [Server thread/INFO] (Minecraft) Changing simulation distance to 12, from 0
[16:32:43] [Server thread/INFO] (Minecraft) Player770[local:E:49605fcd] logged in with entity id 7 at (917.4880455922219, 90.11235591120202, -3219.766623579658)
[16:32:43] [Server thread/INFO] (Minecraft) Player770 joined the game
[16:32:43] [Render thread/INFO] (Minecraft) Loaded 4 advancements
[16:32:44] [Render thread/INFO] (Iteminfo) Displaying iteminfo for Baton
[16:32:44] [Render thread/WARN] (Minecraft) Failed to load texture: minecraft:textures/gui/options_background.png
java.io.FileNotFoundException: minecraft:textures/gui/options_background.png
	at net.minecraft.resource.ResourceFactory.method_43043(ResourceFactory.java:31) ~[minecraft-common-a5fe06f283-1.21.1-net.fabricmc.yarn.1_21_1.1.21.1+build.3-v2.jar:?]
	at java.base/java.util.Optional.orElseThrow(Optional.java:403) ~[?:?]
	at net.minecraft.resource.ResourceFactory.getResourceOrThrow(ResourceFactory.java:31) ~[minecraft-common-a5fe06f283-1.21.1-net.fabricmc.yarn.1_21_1.1.21.1+build.3-v2.jar:?]
	at net.minecraft.client.texture.ResourceTexture$TextureData.load(ResourceTexture.java:83) ~[minecraft-clientOnly-a5fe06f283-1.21.1-net.fabricmc.yarn.1_21_1.1.21.1+build.3-v2.jar:?]
	at net.minecraft.client.texture.ResourceTexture.loadTextureData(ResourceTexture.java:58) ~[minecraft-clientOnly-a5fe06f283-1.21.1-net.fabricmc.yarn.1_21_1.1.21.1+build.3-v2.jar:?]
	at net.minecraft.client.texture.ResourceTexture.load(ResourceTexture.java:29) ~[minecraft-clientOnly-a5fe06f283-1.21.1-net.fabricmc.yarn.1_21_1.1.21.1+build.3-v2.jar:?]
	at net.minecraft.client.texture.TextureManager.loadTexture(TextureManager.java:96) ~[minecraft-clientOnly-a5fe06f283-1.21.1-net.fabricmc.yarn.1_21_1.1.21.1+build.3-v2.jar:?]
	at net.minecraft.client.texture.TextureManager.registerTexture(TextureManager.java:68) ~[minecraft-clientOnly-a5fe06f283-1.21.1-net.fabricmc.yarn.1_21_1.1.21.1+build.3-v2.jar:?]
	at net.minecraft.client.texture.TextureManager.getTexture(TextureManager.java:118) ~[minecraft-clientOnly-a5fe06f283-1.21.1-net.fabricmc.yarn.1_21_1.1.21.1+build.3-v2.jar:?]
	at com.mojang.blaze3d.systems.RenderSystem._setShaderTexture(RenderSystem.java:761) ~[minecraft-clientOnly-a5fe06f283-1.21.1-net.fabricmc.yarn.1_21_1.1.21.1+build.3-v2.jar:?]
	at com.mojang.blaze3d.systems.RenderSystem.setShaderTexture(RenderSystem.java:754) ~[minecraft-clientOnly-a5fe06f283-1.21.1-net.fabricmc.yarn.1_21_1.1.21.1+build.3-v2.jar:?]
	at net.minecraft.client.gui.DrawContext.drawTexturedQuad(DrawContext.java:452) ~[minecraft-clientOnly-a5fe06f283-1.21.1-net.fabricmc.yarn.1_21_1.1.21.1+build.3-v2.jar:?]
	at net.minecraft.client.gui.DrawContext.drawTexture(DrawContext.java:443) ~[minecraft-clientOnly-a5fe06f283-1.21.1-net.fabricmc.yarn.1_21_1.1.21.1+build.3-v2.jar:?]
	at net.minecraft.client.gui.DrawContext.drawTexture(DrawContext.java:415) ~[minecraft-clientOnly-a5fe06f283-1.21.1-net.fabricmc.yarn.1_21_1.1.21.1+build.3-v2.jar:?]
	at net.minecraft.client.gui.DrawContext.drawTexture(DrawContext.java:404) ~[minecraft-clientOnly-a5fe06f283-1.21.1-net.fabricmc.yarn.1_21_1.1.21.1+build.3-v2.jar:?]
	at me.darkpotatoo.mlumm.client.IteminfoScreen.renderBackground(IteminfoScreen.java:34) ~[client/:?]
	at net.minecraft.client.gui.screen.Screen.render(Screen.java:126) ~[minecraft-clientOnly-a5fe06f283-1.21.1-net.fabricmc.yarn.1_21_1.1.21.1+build.3-v2.jar:?]
	at me.darkpotatoo.mlumm.client.IteminfoScreen.render(IteminfoScreen.java:39) ~[client/:?]
	at net.minecraft.client.gui.screen.Screen.renderWithTooltip(Screen.java:117) ~[minecraft-clientOnly-a5fe06f283-1.21.1-net.fabricmc.yarn.1_21_1.1.21.1+build.3-v2.jar:?]
	at net.minecraft.client.render.GameRenderer.mixinextras$bridge$renderWithTooltip$177(GameRenderer.java) ~[minecraft-clientOnly-a5fe06f283-1.21.1-net.fabricmc.yarn.1_21_1.1.21.1+build.3-v2.jar:?]
	at net.minecraft.client.render.GameRenderer.wrapOperation$zfg000$fabric-screen-api-v1$onRenderScreen(GameRenderer.java:1586) [minecraft-clientOnly-a5fe06f283-1.21.1-net.fabricmc.yarn.1_21_1.1.21.1+build.3-v2.jar:?]
	at net.minecraft.client.render.GameRenderer.render(GameRenderer.java:913) [minecraft-clientOnly-a5fe06f283-1.21.1-net.fabricmc.yarn.1_21_1.1.21.1+build.3-v2.jar:?]
	at net.minecraft.client.MinecraftClient.render(MinecraftClient.java:1285) [minecraft-clientOnly-a5fe06f283-1.21.1-net.fabricmc.yarn.1_21_1.1.21.1+build.3-v2.jar:?]
	at net.minecraft.client.MinecraftClient.run(MinecraftClient.java:882) [minecraft-clientOnly-a5fe06f283-1.21.1-net.fabricmc.yarn.1_21_1.1.21.1+build.3-v2.jar:?]
	at net.minecraft.client.main.Main.main(Main.java:256) [minecraft-clientOnly-a5fe06f283-1.21.1-net.fabricmc.yarn.1_21_1.1.21.1+build.3-v2.jar:?]
	at net.fabricmc.loader.impl.game.minecraft.MinecraftGameProvider.launch(MinecraftGameProvider.java:480) [fabric-loader-0.16.0.jar:?]
	at net.fabricmc.loader.impl.launch.knot.Knot.launch(Knot.java:74) [fabric-loader-0.16.0.jar:?]
	at net.fabricmc.loader.impl.launch.knot.KnotClient.main(KnotClient.java:23) [fabric-loader-0.16.0.jar:?]
	at net.fabricmc.devlaunchinjector.Main.main(Main.java:86) [dev-launch-injector-0.2.1+build.8.jar:?]
[16:32:44] [Server thread/INFO] (Minecraft) Saving and pausing game...
[16:32:45] [Server thread/INFO] (Minecraft) Saving chunks for level 'ServerLevel[New World]'/minecraft:overworld
[16:32:45] [Server thread/INFO] (Minecraft) Saving chunks for level 'ServerLevel[New World]'/minecraft:the_end
[16:32:45] [Server thread/INFO] (Minecraft) Saving chunks for level 'ServerLevel[New World]'/minecraft:the_nether
